mode: set
my_blogs/handlers/articleHandlers.go:22.80,26.2 1 1
my_blogs/handlers/articleHandlers.go:28.80,32.16 4 1
my_blogs/handlers/articleHandlers.go:38.2,40.68 2 1
my_blogs/handlers/articleHandlers.go:47.2,49.16 2 1
my_blogs/handlers/articleHandlers.go:56.2,58.49 3 1
my_blogs/handlers/articleHandlers.go:32.16,37.3 4 1
my_blogs/handlers/articleHandlers.go:40.68,45.3 4 1
my_blogs/handlers/articleHandlers.go:49.16,54.3 4 1
my_blogs/handlers/articleHandlers.go:61.82,67.25 5 0
my_blogs/handlers/articleHandlers.go:73.2,74.16 2 0
my_blogs/handlers/articleHandlers.go:85.2,87.44 3 0
my_blogs/handlers/articleHandlers.go:67.25,72.3 4 0
my_blogs/handlers/articleHandlers.go:74.16,76.41 2 0
my_blogs/handlers/articleHandlers.go:83.3,83.9 1 0
my_blogs/handlers/articleHandlers.go:76.41,79.4 2 0
my_blogs/handlers/articleHandlers.go:79.9,82.4 2 0
my_blogs/handlers/articleHandlers.go:90.78,94.16 3 0
my_blogs/handlers/articleHandlers.go:100.2,102.44 3 0
my_blogs/handlers/articleHandlers.go:94.16,99.3 4 0
my_blogs/cmd/server/server.go:14.31,28.16 10 1
my_blogs/cmd/server/server.go:32.2,40.16 5 1
my_blogs/cmd/server/server.go:28.16,30.3 1 1
my_blogs/models/db/article.go:23.61,27.2 1 1
my_blogs/models/db/article.go:29.72,32.16 3 1
my_blogs/models/db/article.go:36.2,37.22 2 1
my_blogs/models/db/article.go:32.16,35.3 2 0
my_blogs/models/db/article.go:40.67,44.16 4 0
my_blogs/models/db/article.go:48.2,49.16 2 0
my_blogs/models/db/article.go:53.2,54.21 2 0
my_blogs/models/db/article.go:44.16,47.3 2 0
my_blogs/models/db/article.go:49.16,52.3 2 0
my_blogs/models/db/article.go:57.59,61.16 4 0
my_blogs/models/db/article.go:77.2,78.25 2 0
my_blogs/models/db/article.go:61.16,64.3 2 0
my_blogs/models/db/mongo.go:31.32,33.16 2 0
my_blogs/models/db/mongo.go:37.2,41.16 4 0
my_blogs/models/db/mongo.go:46.2,47.16 2 0
my_blogs/models/db/mongo.go:50.2,51.15 2 0
my_blogs/models/db/mongo.go:33.16,35.3 1 0
my_blogs/models/db/mongo.go:41.16,43.3 1 0
my_blogs/models/db/mongo.go:47.16,49.3 1 0
my_blogs/models/db/mongo.go:54.30,55.17 1 0
my_blogs/models/db/mongo.go:58.2,58.35 1 0
my_blogs/models/db/mongo.go:55.17,57.3 1 0
my_blogs/models/db/mongo.go:61.46,63.2 1 0
my_blogs/models/db/mongo.go:65.107,67.16 2 0
my_blogs/models/db/mongo.go:70.2,70.58 1 0
my_blogs/models/db/mongo.go:67.16,69.3 1 0
my_blogs/models/db/mongo.go:73.111,76.16 3 0
my_blogs/models/db/mongo.go:79.2,79.21 1 0
my_blogs/models/db/mongo.go:76.16,78.3 1 0
my_blogs/models/db/mongo.go:82.93,85.16 3 0
my_blogs/models/db/mongo.go:88.2,90.31 2 0
my_blogs/models/db/mongo.go:99.2,99.25 1 0
my_blogs/models/db/mongo.go:85.16,87.3 1 0
my_blogs/models/db/mongo.go:90.31,93.17 3 0
my_blogs/models/db/mongo.go:97.3,97.45 1 0
my_blogs/models/db/mongo.go:93.17,95.4 1 0
